This file contains any messages produced by compilers while
running configure, to aid debugging if configure makes a mistake.

It was created by mnslp_ipfix configure 0.1, which was
generated by GNU Autoconf 2.68.  Invocation command line was

  $ ./configure 

## --------- ##
## Platform. ##
## --------- ##

hostname = local_dtn
uname -m = i686
uname -r = 3.2.0-29-generic-pae
uname -s = Linux
uname -v = #46-Ubuntu SMP Fri Jul 27 17:25:43 UTC 2012

/usr/bin/uname -p = unknown
/bin/uname -X     = unknown

/bin/arch              = unknown
/usr/bin/arch -k       = unknown
/usr/convex/getsysinfo = unknown
/usr/bin/hostinfo      = unknown
/bin/machine           = unknown
/usr/bin/oslevel       = unknown
/bin/universe          = unknown

PATH: /usr/lib/lightdm/lightdm
PATH: /usr/local/sbin
PATH: /usr/local/bin
PATH: /usr/sbin
PATH: /usr/bin
PATH: /sbin
PATH: /bin
PATH: /usr/games
PATH: /opt/gurobi502/linux32/bin


## ----------- ##
## Core tests. ##
## ----------- ##

configure:2337: checking for a BSD-compatible install
configure:2405: result: /usr/bin/install -c
configure:2416: checking whether build environment is sane
configure:2466: result: yes
configure:2607: checking for a thread-safe mkdir -p
configure:2646: result: /bin/mkdir -p
configure:2659: checking for gawk
configure:2689: result: no
configure:2659: checking for mawk
configure:2675: found /usr/bin/mawk
configure:2686: result: mawk
configure:2697: checking whether make sets $(MAKE)
configure:2719: result: yes
configure:2833: checking for cppunit-config
configure:2851: found /usr/bin/cppunit-config
configure:2864: result: /usr/bin/cppunit-config
configure:2874: checking for Cppunit - version >= 1.9.6
configure:2920: result: 1.12.1
configure:2969: checking build system type
configure:2983: result: i686-pc-linux-gnu
configure:3003: checking host system type
configure:3016: result: i686-pc-linux-gnu
configure:3057: checking how to print strings
configure:3084: result: printf
configure:3117: checking for style of include used by make
configure:3145: result: GNU
configure:3216: checking for gcc
configure:3232: found /usr/bin/gcc
configure:3243: result: gcc
configure:3472: checking for C compiler version
configure:3481: gcc --version >&5
gcc (Ubuntu/Linaro 4.6.3-1ubuntu5) 4.6.3
Copyright (C) 2011 Free Software Foundation, Inc.
This is free software; see the source for copying conditions.  There is NO
warranty; not even for MERCHANTABILITY or FITNESS FOR A PARTICULAR PURPOSE.

configure:3492: $? = 0
configure:3481: gcc -v >&5
Using built-in specs.
COLLECT_GCC=gcc
COLLECT_LTO_WRAPPER=/usr/lib/gcc/i686-linux-gnu/4.6/lto-wrapper
Target: i686-linux-gnu
Configured with: ../src/configure -v --with-pkgversion='Ubuntu/Linaro 4.6.3-1ubuntu5' --with-bugurl=file:///usr/share/doc/gcc-4.6/README.Bugs --enable-languages=c,c++,fortran,objc,obj-c++ --prefix=/usr --program-suffix=-4.6 --enable-shared --enable-linker-build-id --with-system-zlib --libexecdir=/usr/lib --without-included-gettext --enable-threads=posix --with-gxx-include-dir=/usr/include/c++/4.6 --libdir=/usr/lib --enable-nls --with-sysroot=/ --enable-clocale=gnu --enable-libstdcxx-debug --enable-libstdcxx-time=yes --enable-gnu-unique-object --enable-plugin --enable-objc-gc --enable-targets=all --disable-werror --with-arch-32=i686 --with-tune=generic --enable-checking=release --build=i686-linux-gnu --host=i686-linux-gnu --target=i686-linux-gnu
Thread model: posix
gcc version 4.6.3 (Ubuntu/Linaro 4.6.3-1ubuntu5) 
configure:3492: $? = 0
configure:3481: gcc -V >&5
gcc: error: unrecognized option '-V'
gcc: fatal error: no input files
compilation terminated.
configure:3492: $? = 4
configure:3481: gcc -qversion >&5
gcc: error: unrecognized option '-qversion'
gcc: fatal error: no input files
compilation terminated.
configure:3492: $? = 4
configure:3512: checking whether the C compiler works
configure:3534: gcc    conftest.c  >&5
configure:3538: $? = 0
configure:3586: result: yes
configure:3589: checking for C compiler default output file name
configure:3591: result: a.out
configure:3597: checking for suffix of executables
configure:3604: gcc -o conftest    conftest.c  >&5
configure:3608: $? = 0
configure:3630: result: 
configure:3652: checking whether we are cross compiling
configure:3660: gcc -o conftest    conftest.c  >&5
configure:3664: $? = 0
configure:3671: ./conftest
configure:3675: $? = 0
configure:3690: result: no
configure:3695: checking for suffix of object files
configure:3717: gcc -c   conftest.c >&5
configure:3721: $? = 0
configure:3742: result: o
configure:3746: checking whether we are using the GNU C compiler
configure:3765: gcc -c   conftest.c >&5
configure:3765: $? = 0
configure:3774: result: yes
configure:3783: checking whether gcc accepts -g
configure:3803: gcc -c -g  conftest.c >&5
configure:3803: $? = 0
configure:3844: result: yes
configure:3861: checking for gcc option to accept ISO C89
configure:3925: gcc  -c -g -O2  conftest.c >&5
configure:3925: $? = 0
configure:3938: result: none needed
configure:3960: checking dependency style of gcc
configure:4071: result: gcc3
configure:4086: checking for a sed that does not truncate output
configure:4150: result: /bin/sed
configure:4168: checking for grep that handles long lines and -e
configure:4226: result: /bin/grep
configure:4231: checking for egrep
configure:4293: result: /bin/grep -E
configure:4298: checking for fgrep
configure:4360: result: /bin/grep -F
configure:4395: checking for ld used by gcc
configure:4462: result: /usr/bin/ld
configure:4469: checking if the linker (/usr/bin/ld) is GNU ld
configure:4484: result: yes
configure:4496: checking for BSD- or MS-compatible name lister (nm)
configure:4545: result: /usr/bin/nm -B
configure:4675: checking the name lister (/usr/bin/nm -B) interface
configure:4682: gcc -c -g -O2  conftest.c >&5
configure:4685: /usr/bin/nm -B "conftest.o"
configure:4688: output
00000000 B some_variable
configure:4695: result: BSD nm
configure:4698: checking whether ln -s works
configure:4702: result: yes
configure:4710: checking the maximum length of command line arguments
configure:4840: result: 1572864
configure:4857: checking whether the shell understands some XSI constructs
configure:4867: result: yes
configure:4871: checking whether the shell understands "+="
configure:4877: result: yes
configure:4912: checking how to convert i686-pc-linux-gnu file names to i686-pc-linux-gnu format
configure:4952: result: func_convert_file_noop
configure:4959: checking how to convert i686-pc-linux-gnu file names to toolchain format
configure:4979: result: func_convert_file_noop
configure:4986: checking for /usr/bin/ld option to reload object files
configure:4993: result: -r
configure:5067: checking for objdump
configure:5083: found /usr/bin/objdump
configure:5094: result: objdump
configure:5126: checking how to recognize dependent libraries
configure:5328: result: pass_all
configure:5413: checking for dlltool
configure:5443: result: no
configure:5473: checking how to associate runtime and link libraries
configure:5500: result: printf %s\n
configure:5561: checking for ar
configure:5577: found /usr/bin/ar
configure:5588: result: ar
configure:5625: checking for archiver @FILE support
configure:5642: gcc -c -g -O2  conftest.c >&5
configure:5642: $? = 0
configure:5645: ar cru libconftest.a @conftest.lst >&5
configure:5648: $? = 0
configure:5653: ar cru libconftest.a @conftest.lst >&5
ar: conftest.o: No such file or directory
configure:5656: $? = 1
configure:5668: result: @
configure:5726: checking for strip
configure:5742: found /usr/bin/strip
configure:5753: result: strip
configure:5825: checking for ranlib
configure:5841: found /usr/bin/ranlib
configure:5852: result: ranlib
configure:5954: checking command to parse /usr/bin/nm -B output from gcc object
configure:6074: gcc -c -g -O2  conftest.c >&5
configure:6077: $? = 0
configure:6081: /usr/bin/nm -B conftest.o \| sed -n -e 's/^.*[ ]\([ABCDGIRSTW][ABCDGIRSTW]*\)[ ][ ]*\([_A-Za-z][_A-Za-z0-9]*\)$/\1 \2 \2/p' | sed '/ __gnu_lto/d' \> conftest.nm
configure:6084: $? = 0
configure:6150: gcc -o conftest -g -O2   conftest.c conftstm.o >&5
configure:6153: $? = 0
configure:6191: result: ok
configure:6228: checking for sysroot
configure:6258: result: no
configure:6514: checking for mt
configure:6530: found /bin/mt
configure:6541: result: mt
configure:6564: checking if mt is a manifest tool
configure:6570: mt '-?'
configure:6578: result: no
configure:7220: checking how to run the C preprocessor
configure:7251: gcc -E  conftest.c
configure:7251: $? = 0
configure:7265: gcc -E  conftest.c
conftest.c:11:28: fatal error: ac_nonexistent.h: No such file or directory
compilation terminated.
configure:7265: $? = 1
configure: failed program was:
| /* confdefs.h */
| #define PACKAGE_NAME "mnslp_ipfix"
| #define PACKAGE_TARNAME "mnslp_ipfix"
| #define PACKAGE_VERSION "0.1"
| #define PACKAGE_STRING "mnslp_ipfix 0.1"
| #define PACKAGE_BUGREPORT "la.marentes455@uniandes.edu.co"
| #define PACKAGE_URL ""
| #define PACKAGE "mnslp_ipfix"
| #define VERSION "0.1"
| /* end confdefs.h.  */
| #include <ac_nonexistent.h>
configure:7290: result: gcc -E
configure:7310: gcc -E  conftest.c
configure:7310: $? = 0
configure:7324: gcc -E  conftest.c
conftest.c:11:28: fatal error: ac_nonexistent.h: No such file or directory
compilation terminated.
configure:7324: $? = 1
configure: failed program was:
| /* confdefs.h */
| #define PACKAGE_NAME "mnslp_ipfix"
| #define PACKAGE_TARNAME "mnslp_ipfix"
| #define PACKAGE_VERSION "0.1"
| #define PACKAGE_STRING "mnslp_ipfix 0.1"
| #define PACKAGE_BUGREPORT "la.marentes455@uniandes.edu.co"
| #define PACKAGE_URL ""
| #define PACKAGE "mnslp_ipfix"
| #define VERSION "0.1"
| /* end confdefs.h.  */
| #include <ac_nonexistent.h>
configure:7353: checking for ANSI C header files
configure:7373: gcc -c -g -O2  conftest.c >&5
configure:7373: $? = 0
configure:7446: gcc -o conftest -g -O2   conftest.c  >&5
configure:7446: $? = 0
configure:7446: ./conftest
configure:7446: $? = 0
configure:7457: result: yes
configure:7470: checking for sys/types.h
configure:7470: gcc -c -g -O2  conftest.c >&5
configure:7470: $? = 0
configure:7470: result: yes
configure:7470: checking for sys/stat.h
configure:7470: gcc -c -g -O2  conftest.c >&5
configure:7470: $? = 0
configure:7470: result: yes
configure:7470: checking for stdlib.h
configure:7470: gcc -c -g -O2  conftest.c >&5
configure:7470: $? = 0
configure:7470: result: yes
configure:7470: checking for string.h
configure:7470: gcc -c -g -O2  conftest.c >&5
configure:7470: $? = 0
configure:7470: result: yes
configure:7470: checking for memory.h
configure:7470: gcc -c -g -O2  conftest.c >&5
configure:7470: $? = 0
configure:7470: result: yes
configure:7470: checking for strings.h
configure:7470: gcc -c -g -O2  conftest.c >&5
configure:7470: $? = 0
configure:7470: result: yes
configure:7470: checking for inttypes.h
configure:7470: gcc -c -g -O2  conftest.c >&5
configure:7470: $? = 0
configure:7470: result: yes
configure:7470: checking for stdint.h
configure:7470: gcc -c -g -O2  conftest.c >&5
configure:7470: $? = 0
configure:7470: result: yes
configure:7470: checking for unistd.h
configure:7470: gcc -c -g -O2  conftest.c >&5
configure:7470: $? = 0
configure:7470: result: yes
configure:7484: checking for dlfcn.h
configure:7484: gcc -c -g -O2  conftest.c >&5
configure:7484: $? = 0
configure:7484: result: yes
configure:7690: checking for objdir
configure:7705: result: .libs
configure:7976: checking if gcc supports -fno-rtti -fno-exceptions
configure:7994: gcc -c -g -O2  -fno-rtti -fno-exceptions conftest.c >&5
cc1: warning: command line option '-fno-rtti' is valid for C++/ObjC++ but not for C [enabled by default]
configure:7998: $? = 0
configure:8011: result: no
configure:8338: checking for gcc option to produce PIC
configure:8345: result: -fPIC -DPIC
configure:8353: checking if gcc PIC flag -fPIC -DPIC works
configure:8371: gcc -c -g -O2  -fPIC -DPIC -DPIC conftest.c >&5
configure:8375: $? = 0
configure:8388: result: yes
configure:8417: checking if gcc static flag -static works
configure:8445: result: yes
configure:8460: checking if gcc supports -c -o file.o
configure:8481: gcc -c -g -O2  -o out/conftest2.o conftest.c >&5
configure:8485: $? = 0
configure:8507: result: yes
configure:8515: checking if gcc supports -c -o file.o
configure:8562: result: yes
configure:8595: checking whether the gcc linker (/usr/bin/ld) supports shared libraries
configure:9752: result: yes
configure:9789: checking whether -lc should be explicitly linked in
configure:9797: gcc -c -g -O2  conftest.c >&5
configure:9800: $? = 0
configure:9815: gcc -shared  -fPIC -DPIC conftest.o  -v -Wl,-soname -Wl,conftest -o conftest 2\>\&1 \| /bin/grep  -lc  \>/dev/null 2\>\&1
configure:9818: $? = 0
configure:9832: result: no
configure:9992: checking dynamic linker characteristics
configure:10503: gcc -o conftest -g -O2   -Wl,-rpath -Wl,/foo conftest.c  >&5
configure:10503: $? = 0
configure:10737: result: GNU/Linux ld.so
configure:10844: checking how to hardcode library paths into programs
configure:10869: result: immediate
configure:11409: checking whether stripping libraries is possible
configure:11414: result: yes
configure:11449: checking if libtool supports shared libraries
configure:11451: result: yes
configure:11454: checking whether to build shared libraries
configure:11475: result: yes
configure:11478: checking whether to build static libraries
configure:11482: result: yes
configure:11531: checking whether to enable maintainer-specific portions of Makefiles
configure:11540: result: no
configure:11613: checking for g++
configure:11629: found /usr/bin/g++
configure:11640: result: g++
configure:11667: checking for C++ compiler version
configure:11676: g++ --version >&5
g++ (Ubuntu/Linaro 4.6.3-1ubuntu5) 4.6.3
Copyright (C) 2011 Free Software Foundation, Inc.
This is free software; see the source for copying conditions.  There is NO
warranty; not even for MERCHANTABILITY or FITNESS FOR A PARTICULAR PURPOSE.

configure:11687: $? = 0
configure:11676: g++ -v >&5
Using built-in specs.
COLLECT_GCC=g++
COLLECT_LTO_WRAPPER=/usr/lib/gcc/i686-linux-gnu/4.6/lto-wrapper
Target: i686-linux-gnu
Configured with: ../src/configure -v --with-pkgversion='Ubuntu/Linaro 4.6.3-1ubuntu5' --with-bugurl=file:///usr/share/doc/gcc-4.6/README.Bugs --enable-languages=c,c++,fortran,objc,obj-c++ --prefix=/usr --program-suffix=-4.6 --enable-shared --enable-linker-build-id --with-system-zlib --libexecdir=/usr/lib --without-included-gettext --enable-threads=posix --with-gxx-include-dir=/usr/include/c++/4.6 --libdir=/usr/lib --enable-nls --with-sysroot=/ --enable-clocale=gnu --enable-libstdcxx-debug --enable-libstdcxx-time=yes --enable-gnu-unique-object --enable-plugin --enable-objc-gc --enable-targets=all --disable-werror --with-arch-32=i686 --with-tune=generic --enable-checking=release --build=i686-linux-gnu --host=i686-linux-gnu --target=i686-linux-gnu
Thread model: posix
gcc version 4.6.3 (Ubuntu/Linaro 4.6.3-1ubuntu5) 
configure:11687: $? = 0
configure:11676: g++ -V >&5
g++: error: unrecognized option '-V'
g++: fatal error: no input files
compilation terminated.
configure:11687: $? = 4
configure:11676: g++ -qversion >&5
g++: error: unrecognized option '-qversion'
g++: fatal error: no input files
compilation terminated.
configure:11687: $? = 4
configure:11691: checking whether we are using the GNU C++ compiler
configure:11710: g++ -c   conftest.cpp >&5
configure:11710: $? = 0
configure:11719: result: yes
configure:11728: checking whether g++ accepts -g
configure:11748: g++ -c -g  conftest.cpp >&5
configure:11748: $? = 0
configure:11789: result: yes
configure:11814: checking dependency style of g++
configure:11925: result: gcc3
configure:11958: checking how to run the C++ preprocessor
configure:11985: g++ -E  conftest.cpp
configure:11985: $? = 0
configure:11999: g++ -E  conftest.cpp
conftest.cpp:23:28: fatal error: ac_nonexistent.h: No such file or directory
compilation terminated.
configure:11999: $? = 1
configure: failed program was:
| /* confdefs.h */
| #define PACKAGE_NAME "mnslp_ipfix"
| #define PACKAGE_TARNAME "mnslp_ipfix"
| #define PACKAGE_VERSION "0.1"
| #define PACKAGE_STRING "mnslp_ipfix 0.1"
| #define PACKAGE_BUGREPORT "la.marentes455@uniandes.edu.co"
| #define PACKAGE_URL ""
| #define PACKAGE "mnslp_ipfix"
| #define VERSION "0.1"
| #define STDC_HEADERS 1
| #define HAVE_SYS_TYPES_H 1
| #define HAVE_SYS_STAT_H 1
| #define HAVE_STDLIB_H 1
| #define HAVE_STRING_H 1
| #define HAVE_MEMORY_H 1
| #define HAVE_STRINGS_H 1
| #define HAVE_INTTYPES_H 1
| #define HAVE_STDINT_H 1
| #define HAVE_UNISTD_H 1
| #define HAVE_DLFCN_H 1
| #define LT_OBJDIR ".libs/"
| /* end confdefs.h.  */
| #include <ac_nonexistent.h>
configure:12024: result: g++ -E
configure:12044: g++ -E  conftest.cpp
configure:12044: $? = 0
configure:12058: g++ -E  conftest.cpp
conftest.cpp:23:28: fatal error: ac_nonexistent.h: No such file or directory
compilation terminated.
configure:12058: $? = 1
configure: failed program was:
| /* confdefs.h */
| #define PACKAGE_NAME "mnslp_ipfix"
| #define PACKAGE_TARNAME "mnslp_ipfix"
| #define PACKAGE_VERSION "0.1"
| #define PACKAGE_STRING "mnslp_ipfix 0.1"
| #define PACKAGE_BUGREPORT "la.marentes455@uniandes.edu.co"
| #define PACKAGE_URL ""
| #define PACKAGE "mnslp_ipfix"
| #define VERSION "0.1"
| #define STDC_HEADERS 1
| #define HAVE_SYS_TYPES_H 1
| #define HAVE_SYS_STAT_H 1
| #define HAVE_STDLIB_H 1
| #define HAVE_STRING_H 1
| #define HAVE_MEMORY_H 1
| #define HAVE_STRINGS_H 1
| #define HAVE_INTTYPES_H 1
| #define HAVE_STDINT_H 1
| #define HAVE_UNISTD_H 1
| #define HAVE_DLFCN_H 1
| #define LT_OBJDIR ".libs/"
| /* end confdefs.h.  */
| #include <ac_nonexistent.h>
configure:12227: checking for ld used by g++
configure:12294: result: /usr/bin/ld
configure:12301: checking if the linker (/usr/bin/ld) is GNU ld
configure:12316: result: yes
configure:12371: checking whether the g++ linker (/usr/bin/ld) supports shared libraries
configure:13376: result: yes
configure:13412: g++ -c -g -O2  conftest.cpp >&5
configure:13415: $? = 0
configure:13935: checking for g++ option to produce PIC
configure:13942: result: -fPIC -DPIC
configure:13950: checking if g++ PIC flag -fPIC -DPIC works
configure:13968: g++ -c -g -O2  -fPIC -DPIC -DPIC conftest.cpp >&5
configure:13972: $? = 0
configure:13985: result: yes
configure:14008: checking if g++ static flag -static works
configure:14036: result: yes
configure:14048: checking if g++ supports -c -o file.o
configure:14069: g++ -c -g -O2  -o out/conftest2.o conftest.cpp >&5
configure:14073: $? = 0
configure:14095: result: yes
configure:14100: checking if g++ supports -c -o file.o
configure:14147: result: yes
configure:14177: checking whether the g++ linker (/usr/bin/ld) supports shared libraries
configure:14216: result: yes
configure:14357: checking dynamic linker characteristics
configure:15036: result: GNU/Linux ld.so
configure:15089: checking how to hardcode library paths into programs
configure:15114: result: immediate
configure:15202: checking for gcc
configure:15229: result: gcc
configure:15458: checking for C compiler version
configure:15467: gcc --version >&5
gcc (Ubuntu/Linaro 4.6.3-1ubuntu5) 4.6.3
Copyright (C) 2011 Free Software Foundation, Inc.
This is free software; see the source for copying conditions.  There is NO
warranty; not even for MERCHANTABILITY or FITNESS FOR A PARTICULAR PURPOSE.

configure:15478: $? = 0
configure:15467: gcc -v >&5
Using built-in specs.
COLLECT_GCC=gcc
COLLECT_LTO_WRAPPER=/usr/lib/gcc/i686-linux-gnu/4.6/lto-wrapper
Target: i686-linux-gnu
Configured with: ../src/configure -v --with-pkgversion='Ubuntu/Linaro 4.6.3-1ubuntu5' --with-bugurl=file:///usr/share/doc/gcc-4.6/README.Bugs --enable-languages=c,c++,fortran,objc,obj-c++ --prefix=/usr --program-suffix=-4.6 --enable-shared --enable-linker-build-id --with-system-zlib --libexecdir=/usr/lib --without-included-gettext --enable-threads=posix --with-gxx-include-dir=/usr/include/c++/4.6 --libdir=/usr/lib --enable-nls --with-sysroot=/ --enable-clocale=gnu --enable-libstdcxx-debug --enable-libstdcxx-time=yes --enable-gnu-unique-object --enable-plugin --enable-objc-gc --enable-targets=all --disable-werror --with-arch-32=i686 --with-tune=generic --enable-checking=release --build=i686-linux-gnu --host=i686-linux-gnu --target=i686-linux-gnu
Thread model: posix
gcc version 4.6.3 (Ubuntu/Linaro 4.6.3-1ubuntu5) 
configure:15478: $? = 0
configure:15467: gcc -V >&5
gcc: error: unrecognized option '-V'
gcc: fatal error: no input files
compilation terminated.
configure:15478: $? = 4
configure:15467: gcc -qversion >&5
gcc: error: unrecognized option '-qversion'
gcc: fatal error: no input files
compilation terminated.
configure:15478: $? = 4
configure:15482: checking whether we are using the GNU C compiler
configure:15510: result: yes
configure:15519: checking whether gcc accepts -g
configure:15580: result: yes
configure:15597: checking for gcc option to accept ISO C89
configure:15674: result: none needed
configure:15696: checking dependency style of gcc
configure:15807: result: gcc3
configure:15826: checking for gawk
configure:15853: result: mawk
configure:15874: checking for stdbool.h that conforms to C99
configure:15941: g++ -c -g -O2  conftest.cpp >&5
configure:15941: $? = 0
configure:15948: result: yes
configure:15950: checking for _Bool
configure:15950: g++ -c -g -O2  conftest.cpp >&5
conftest.cpp: In function 'int main()':
conftest.cpp:59:13: error: '_Bool' was not declared in this scope
configure:15950: $? = 1
configure: failed program was:
| /* confdefs.h */
| #define PACKAGE_NAME "mnslp_ipfix"
| #define PACKAGE_TARNAME "mnslp_ipfix"
| #define PACKAGE_VERSION "0.1"
| #define PACKAGE_STRING "mnslp_ipfix 0.1"
| #define PACKAGE_BUGREPORT "la.marentes455@uniandes.edu.co"
| #define PACKAGE_URL ""
| #define PACKAGE "mnslp_ipfix"
| #define VERSION "0.1"
| #define STDC_HEADERS 1
| #define HAVE_SYS_TYPES_H 1
| #define HAVE_SYS_STAT_H 1
| #define HAVE_STDLIB_H 1
| #define HAVE_STRING_H 1
| #define HAVE_MEMORY_H 1
| #define HAVE_STRINGS_H 1
| #define HAVE_INTTYPES_H 1
| #define HAVE_STDINT_H 1
| #define HAVE_UNISTD_H 1
| #define HAVE_DLFCN_H 1
| #define LT_OBJDIR ".libs/"
| /* end confdefs.h.  */
| #include <stdio.h>
| #ifdef HAVE_SYS_TYPES_H
| # include <sys/types.h>
| #endif
| #ifdef HAVE_SYS_STAT_H
| # include <sys/stat.h>
| #endif
| #ifdef STDC_HEADERS
| # include <stdlib.h>
| # include <stddef.h>
| #else
| # ifdef HAVE_STDLIB_H
| #  include <stdlib.h>
| # endif
| #endif
| #ifdef HAVE_STRING_H
| # if !defined STDC_HEADERS && defined HAVE_MEMORY_H
| #  include <memory.h>
| # endif
| # include <string.h>
| #endif
| #ifdef HAVE_STRINGS_H
| # include <strings.h>
| #endif
| #ifdef HAVE_INTTYPES_H
| # include <inttypes.h>
| #endif
| #ifdef HAVE_STDINT_H
| # include <stdint.h>
| #endif
| #ifdef HAVE_UNISTD_H
| # include <unistd.h>
| #endif
| int
| main ()
| {
| if (sizeof (_Bool))
| 	 return 0;
|   ;
|   return 0;
| }
configure:15950: result: no
configure:16174: creating ./config.status

## ---------------------- ##
## Running config.status. ##
## ---------------------- ##

This file was extended by mnslp_ipfix config.status 0.1, which was
generated by GNU Autoconf 2.68.  Invocation command line was

  CONFIG_FILES    = 
  CONFIG_HEADERS  = 
  CONFIG_LINKS    = 
  CONFIG_COMMANDS = 
  $ ./config.status 

on local_dtn

config.status:1085: creating Makefile
config.status:1085: creating src/Makefile
config.status:1085: creating test/Makefile
config.status:1257: executing depfiles commands
config.status:1257: executing libtool commands

## ---------------- ##
## Cache variables. ##
## ---------------- ##

ac_cv_build=i686-pc-linux-gnu
ac_cv_c_compiler_gnu=yes
ac_cv_cxx_compiler_gnu=yes
ac_cv_env_CCC_set=
ac_cv_env_CCC_value=
ac_cv_env_CC_set=
ac_cv_env_CC_value=
ac_cv_env_CFLAGS_set=
ac_cv_env_CFLAGS_value=
ac_cv_env_CPPFLAGS_set=
ac_cv_env_CPPFLAGS_value=
ac_cv_env_CPP_set=
ac_cv_env_CPP_value=
ac_cv_env_CXXCPP_set=
ac_cv_env_CXXCPP_value=
ac_cv_env_CXXFLAGS_set=
ac_cv_env_CXXFLAGS_value=
ac_cv_env_CXX_set=
ac_cv_env_CXX_value=
ac_cv_env_LDFLAGS_set=
ac_cv_env_LDFLAGS_value=
ac_cv_env_LIBS_set=
ac_cv_env_LIBS_value=
ac_cv_env_build_alias_set=
ac_cv_env_build_alias_value=
ac_cv_env_host_alias_set=
ac_cv_env_host_alias_value=
ac_cv_env_target_alias_set=
ac_cv_env_target_alias_value=
ac_cv_header_dlfcn_h=yes
ac_cv_header_inttypes_h=yes
ac_cv_header_memory_h=yes
ac_cv_header_stdbool_h=yes
ac_cv_header_stdc=yes
ac_cv_header_stdint_h=yes
ac_cv_header_stdlib_h=yes
ac_cv_header_string_h=yes
ac_cv_header_strings_h=yes
ac_cv_header_sys_stat_h=yes
ac_cv_header_sys_types_h=yes
ac_cv_header_unistd_h=yes
ac_cv_host=i686-pc-linux-gnu
ac_cv_objext=o
ac_cv_path_CPPUNIT_CONFIG=/usr/bin/cppunit-config
ac_cv_path_EGREP='/bin/grep -E'
ac_cv_path_FGREP='/bin/grep -F'
ac_cv_path_GREP=/bin/grep
ac_cv_path_SED=/bin/sed
ac_cv_path_install='/usr/bin/install -c'
ac_cv_path_mkdir=/bin/mkdir
ac_cv_prog_AWK=mawk
ac_cv_prog_CPP='gcc -E'
ac_cv_prog_CXXCPP='g++ -E'
ac_cv_prog_ac_ct_AR=ar
ac_cv_prog_ac_ct_CC=gcc
ac_cv_prog_ac_ct_CXX=g++
ac_cv_prog_ac_ct_MANIFEST_TOOL=mt
ac_cv_prog_ac_ct_OBJDUMP=objdump
ac_cv_prog_ac_ct_RANLIB=ranlib
ac_cv_prog_ac_ct_STRIP=strip
ac_cv_prog_cc_c89=
ac_cv_prog_cc_g=yes
ac_cv_prog_cxx_g=yes
ac_cv_prog_make_make_set=yes
ac_cv_type__Bool=no
am_cv_CC_dependencies_compiler_type=gcc3
am_cv_CXX_dependencies_compiler_type=gcc3
lt_cv_ar_at_file=@
lt_cv_archive_cmds_need_lc=no
lt_cv_deplibs_check_method=pass_all
lt_cv_file_magic_cmd='$MAGIC_CMD'
lt_cv_file_magic_test_file=
lt_cv_ld_reload_flag=-r
lt_cv_nm_interface='BSD nm'
lt_cv_objdir=.libs
lt_cv_path_LD=/usr/bin/ld
lt_cv_path_LDCXX=/usr/bin/ld
lt_cv_path_NM='/usr/bin/nm -B'
lt_cv_path_mainfest_tool=no
lt_cv_prog_compiler_c_o=yes
lt_cv_prog_compiler_c_o_CXX=yes
lt_cv_prog_compiler_pic='-fPIC -DPIC'
lt_cv_prog_compiler_pic_CXX='-fPIC -DPIC'
lt_cv_prog_compiler_pic_works=yes
lt_cv_prog_compiler_pic_works_CXX=yes
lt_cv_prog_compiler_rtti_exceptions=no
lt_cv_prog_compiler_static_works=yes
lt_cv_prog_compiler_static_works_CXX=yes
lt_cv_prog_gnu_ld=yes
lt_cv_prog_gnu_ldcxx=yes
lt_cv_sharedlib_from_linklib_cmd='printf %s\n'
lt_cv_shlibpath_overrides_runpath=no
lt_cv_sys_global_symbol_pipe='sed -n -e '\''s/^.*[	 ]\([ABCDGIRSTW][ABCDGIRSTW]*\)[	 ][	 ]*\([_A-Za-z][_A-Za-z0-9]*\)$/\1 \2 \2/p'\'' | sed '\''/ __gnu_lto/d'\'''
lt_cv_sys_global_symbol_to_c_name_address='sed -n -e '\''s/^: \([^ ]*\)[ ]*$/  {\"\1\", (void *) 0},/p'\'' -e '\''s/^[ABCDGIRSTW]* \([^ ]*\) \([^ ]*\)$/  {"\2", (void *) \&\2},/p'\'''
lt_cv_sys_global_symbol_to_c_name_address_lib_prefix='sed -n -e '\''s/^: \([^ ]*\)[ ]*$/  {\"\1\", (void *) 0},/p'\'' -e '\''s/^[ABCDGIRSTW]* \([^ ]*\) \(lib[^ ]*\)$/  {"\2", (void *) \&\2},/p'\'' -e '\''s/^[ABCDGIRSTW]* \([^ ]*\) \([^ ]*\)$/  {"lib\2", (void *) \&\2},/p'\'''
lt_cv_sys_global_symbol_to_cdecl='sed -n -e '\''s/^T .* \(.*\)$/extern int \1();/p'\'' -e '\''s/^[ABCDGIRSTW]* .* \(.*\)$/extern char \1;/p'\'''
lt_cv_sys_max_cmd_len=1572864
lt_cv_to_host_file_cmd=func_convert_file_noop
lt_cv_to_tool_file_cmd=func_convert_file_noop

## ----------------- ##
## Output variables. ##
## ----------------- ##

ACLOCAL='${SHELL} /home/luis/mnslp_ipfix/missing --run aclocal-1.11'
AMDEPBACKSLASH='\'
AMDEP_FALSE='#'
AMDEP_TRUE=''
AMTAR='$${TAR-tar}'
AR='ar'
AUTOCONF='${SHELL} /home/luis/mnslp_ipfix/missing --run autoconf'
AUTOHEADER='${SHELL} /home/luis/mnslp_ipfix/missing --run autoheader'
AUTOMAKE='${SHELL} /home/luis/mnslp_ipfix/missing --run automake-1.11'
AWK='mawk'
CC='gcc'
CCDEPMODE='depmode=gcc3'
CFLAGS='-g -O2'
CPP='gcc -E'
CPPFLAGS=''
CPPUNIT_CFLAGS=''
CPPUNIT_CONFIG='/usr/bin/cppunit-config'
CPPUNIT_LIBS='-lcppunit -ldl'
CXX='g++'
CXXCPP='g++ -E'
CXXDEPMODE='depmode=gcc3'
CXXFLAGS='-g -O2'
CYGPATH_W='echo'
DEFS='-DPACKAGE_NAME=\"mnslp_ipfix\" -DPACKAGE_TARNAME=\"mnslp_ipfix\" -DPACKAGE_VERSION=\"0.1\" -DPACKAGE_STRING=\"mnslp_ipfix\ 0.1\" -DPACKAGE_BUGREPORT=\"la.marentes455@uniandes.edu.co\" -DPACKAGE_URL=\"\" -DPACKAGE=\"mnslp_ipfix\" -DVERSION=\"0.1\" -DSTDC_HEADERS=1 -DHAVE_SYS_TYPES_H=1 -DHAVE_SYS_STAT_H=1 -DHAVE_STDLIB_H=1 -DHAVE_STRING_H=1 -DHAVE_MEMORY_H=1 -DHAVE_STRINGS_H=1 -DHAVE_INTTYPES_H=1 -DHAVE_STDINT_H=1 -DHAVE_UNISTD_H=1 -DHAVE_DLFCN_H=1 -DLT_OBJDIR=\".libs/\" -DHAVE_STDBOOL_H=1'
DEPDIR='.deps'
DLLTOOL='false'
DSYMUTIL=''
DUMPBIN=''
ECHO_C=''
ECHO_N='-n'
ECHO_T=''
EGREP='/bin/grep -E'
EXEEXT=''
FGREP='/bin/grep -F'
GREP='/bin/grep'
INSTALL_DATA='${INSTALL} -m 644'
INSTALL_PROGRAM='${INSTALL}'
INSTALL_SCRIPT='${INSTALL}'
INSTALL_STRIP_PROGRAM='$(install_sh) -c -s'
IPFIX_CPPFLAGS=''
IPFIX_LDFLAGS=''
IPFIX_LIBS=''
LD='/usr/bin/ld'
LDFLAGS=''
LIBOBJS=''
LIBS=''
LIBTOOL='$(SHELL) $(top_builddir)/libtool'
LIPO=''
LN_S='ln -s'
LTLIBOBJS=''
MAINT='#'
MAINTAINER_MODE_FALSE=''
MAINTAINER_MODE_TRUE='#'
MAKEINFO='${SHELL} /home/luis/mnslp_ipfix/missing --run makeinfo'
MANIFEST_TOOL=':'
MKDIR_P='/bin/mkdir -p'
NM='/usr/bin/nm -B'
NMEDIT=''
OBJDUMP='objdump'
OBJEXT='o'
OTOOL64=''
OTOOL=''
PACKAGE='mnslp_ipfix'
PACKAGE_BUGREPORT='la.marentes455@uniandes.edu.co'
PACKAGE_NAME='mnslp_ipfix'
PACKAGE_STRING='mnslp_ipfix 0.1'
PACKAGE_TARNAME='mnslp_ipfix'
PACKAGE_URL=''
PACKAGE_VERSION='0.1'
PATH_SEPARATOR=':'
RANLIB='ranlib'
SED='/bin/sed'
SET_MAKE=''
SHELL='/bin/bash'
STRIP='strip'
VERSION='0.1'
ac_ct_AR='ar'
ac_ct_CC='gcc'
ac_ct_CXX='g++'
ac_ct_DUMPBIN=''
am__EXEEXT_FALSE=''
am__EXEEXT_TRUE='#'
am__fastdepCC_FALSE='#'
am__fastdepCC_TRUE=''
am__fastdepCXX_FALSE='#'
am__fastdepCXX_TRUE=''
am__include='include'
am__isrc=''
am__leading_dot='.'
am__nodep='_no'
am__quote=''
am__tar='$${TAR-tar} chof - "$$tardir"'
am__untar='$${TAR-tar} xf -'
bindir='${exec_prefix}/bin'
build='i686-pc-linux-gnu'
build_alias=''
build_cpu='i686'
build_os='linux-gnu'
build_vendor='pc'
datadir='${datarootdir}'
datarootdir='${prefix}/share'
docdir='${datarootdir}/doc/${PACKAGE_TARNAME}'
dvidir='${docdir}'
exec_prefix='${prefix}'
host='i686-pc-linux-gnu'
host_alias=''
host_cpu='i686'
host_os='linux-gnu'
host_vendor='pc'
htmldir='${docdir}'
includedir='${prefix}/include'
infodir='${datarootdir}/info'
install_sh='${SHELL} /home/luis/mnslp_ipfix/install-sh'
libdir='${exec_prefix}/lib'
libexecdir='${exec_prefix}/libexec'
localedir='${datarootdir}/locale'
localstatedir='${prefix}/var'
mandir='${datarootdir}/man'
mkdir_p='/bin/mkdir -p'
oldincludedir='/usr/include'
pdfdir='${docdir}'
prefix='/usr/local'
program_transform_name='s,x,x,'
psdir='${docdir}'
sbindir='${exec_prefix}/sbin'
sharedstatedir='${prefix}/com'
sysconfdir='${prefix}/etc'
target_alias=''

## ----------- ##
## confdefs.h. ##
## ----------- ##

/* confdefs.h */
#define PACKAGE_NAME "mnslp_ipfix"
#define PACKAGE_TARNAME "mnslp_ipfix"
#define PACKAGE_VERSION "0.1"
#define PACKAGE_STRING "mnslp_ipfix 0.1"
#define PACKAGE_BUGREPORT "la.marentes455@uniandes.edu.co"
#define PACKAGE_URL ""
#define PACKAGE "mnslp_ipfix"
#define VERSION "0.1"
#define STDC_HEADERS 1
#define HAVE_SYS_TYPES_H 1
#define HAVE_SYS_STAT_H 1
#define HAVE_STDLIB_H 1
#define HAVE_STRING_H 1
#define HAVE_MEMORY_H 1
#define HAVE_STRINGS_H 1
#define HAVE_INTTYPES_H 1
#define HAVE_STDINT_H 1
#define HAVE_UNISTD_H 1
#define HAVE_DLFCN_H 1
#define LT_OBJDIR ".libs/"
#define HAVE_STDBOOL_H 1

configure: exit 0
